
VCFtools - 0.1.17
(C) Adam Auton and Anthony Marcketta 2009

Parameters as interpreted:
	--vcf ../isolate_and_pop_info/all_strains_variant_sites.renamed.vcf
	--fst-window-size 250
	--fst-window-step 250
	--weir-fst-pop AZ_strains_locus_present.txt
	--weir-fst-pop AZ_strains_locus_absent.txt
	--keep AZ_strains_locus_present.txt
	--keep AZ_strains_locus_absent.txt
	--max-missing 1
	--out AZ_strains_250bp_window

Warning: Expected at least 2 parts in INFO entry: ID=BC,Number=4,Type=Integer,Description="Count of As, Cs, Gs, Ts at locus">
Warning: Expected at least 2 parts in INFO entry: ID=BC,Number=4,Type=Integer,Description="Count of As, Cs, Gs, Ts at locus">
Warning: Expected at least 2 parts in INFO entry: ID=BC,Number=4,Type=Integer,Description="Count of As, Cs, Gs, Ts at locus">
Warning: Expected at least 2 parts in INFO entry: ID=QP,Number=4,Type=Integer,Description="Percentage of As, Cs, Gs, Ts weighted by Q & MQ at locus">
Warning: Expected at least 2 parts in INFO entry: ID=QP,Number=4,Type=Integer,Description="Percentage of As, Cs, Gs, Ts weighted by Q & MQ at locus">
Warning: Expected at least 2 parts in INFO entry: ID=QP,Number=4,Type=Integer,Description="Percentage of As, Cs, Gs, Ts weighted by Q & MQ at locus">
Warning: Expected at least 2 parts in INFO entry: ID=AC,Number=A,Type=Integer,Description="Allele count in genotypes, for each ALT allele, in the same order as listed">
Warning: Expected at least 2 parts in INFO entry: ID=AC,Number=A,Type=Integer,Description="Allele count in genotypes, for each ALT allele, in the same order as listed">
Keeping individuals in 'keep' list
After filtering, kept 29 out of 61 Individuals
Outputting Windowed Weir and Cockerham Fst estimates.
Weir and Cockerham mean Fst estimate: -0.0040478
Weir and Cockerham weighted Fst estimate: 0.0019009
After filtering, kept 339399 out of a possible 1012365 Sites
Run Time = 17.00 seconds
